#
# There is insufficient memory for the Java Runtime Environment to continue.
# Native memory allocation (malloc) failed to allocate 1009296 bytes for Chunk::new
# Possible reasons:
#   The system is out of physical RAM or swap space
#   The process is running with CompressedOops enabled, and the Java Heap may be blocking the growth of the native heap
# Possible solutions:
#   Reduce memory load on the system
#   Increase physical memory or swap space
#   Check if swap backing store is full
#   Decrease Java heap size (-Xmx/-Xms)
#   Decrease number of Java threads
#   Decrease Java thread stack sizes (-Xss)
#   Set larger code cache with -XX:ReservedCodeCacheSize=
#   JVM is running with Unscaled Compressed Oops mode in which the Java heap is
#     placed in the first 4GB address space. The Java Heap base address is the
#     maximum limit for the native heap growth. Please use -XX:HeapBaseMinAddress
#     to set the Java Heap base and to place the Java Heap above 4GB virtual address.
# This output file may be truncated or incomplete.
#
#  Out of Memory Error (allocation.cpp:389), pid=2400, tid=0x0000000000003c18
#
# JRE version: OpenJDK Runtime Environment (8.0_202-b03) (build 1.8.0_202-release-1483-b03)
# Java VM: OpenJDK 64-Bit Server VM (25.202-b03 mixed mode windows-amd64 compressed oops)
# Failed to write core dump. Minidumps are not enabled by default on client versions of Windows
#

---------------  T H R E A D  ---------------

Current thread (0x000000001689d000):  JavaThread "C2 CompilerThread2" daemon [_thread_in_native, id=15384, stack(0x00000000191b0000,0x00000000192b0000)]

Stack: [0x00000000191b0000,0x00000000192b0000]
[error occurred during error reporting (printing stack bounds), id 0xc0000005]

Native frames: (J=compiled Java code, j=interpreted, Vv=VM code, C=native code)


Current CompileTask:
C2:   6845 3952       4       com.sun.beans.TypeResolver::resolve (37 bytes)


---------------  P R O C E S S  ---------------

Java Threads: ( => current thread )
  0x000000001e0cb800 JavaThread "Cache worker for Build Output Cleanup Cache (D:\DiegoAndroid\TurismoAlojamenduakAndroid2\.gradle\buildOutputCleanup)" [_thread_blocked, id=24704, stack(0x0000000022710000,0x0000000022810000)]
  0x000000001e0c9800 JavaThread "Build operations Thread 8" [_thread_blocked, id=12660, stack(0x00000000231d0000,0x00000000232d0000)]
  0x000000001e0c5800 JavaThread "Build operations Thread 7" [_thread_blocked, id=26108, stack(0x00000000230d0000,0x00000000231d0000)]
  0x000000001e0c3800 JavaThread "Build operations Thread 6" [_thread_blocked, id=23876, stack(0x0000000022fd0000,0x00000000230d0000)]
  0x000000001e0c6800 JavaThread "Build operations Thread 5" [_thread_blocked, id=19580, stack(0x0000000022ed0000,0x0000000022fd0000)]
  0x000000001e0c2000 JavaThread "Build operations Thread 4" [_thread_blocked, id=21312, stack(0x0000000022dd0000,0x0000000022ed0000)]
  0x000000001e0c7000 JavaThread "Build operations Thread 3" [_thread_blocked, id=26240, stack(0x0000000022cd0000,0x0000000022dd0000)]
  0x000000001e0c4000 JavaThread "Build operations Thread 2" [_thread_blocked, id=9516, stack(0x0000000022bd0000,0x0000000022cd0000)]
  0x000000001e0c2800 JavaThread "Build operations" [_thread_blocked, id=884, stack(0x0000000022ad0000,0x0000000022bd0000)]
  0x000000001e0c1000 JavaThread "Cache worker for execution history cache (C:\Users\Ainhoa\.gradle\caches\5.4.1\executionHistory)" [_thread_blocked, id=25128, stack(0x0000000020fd0000,0x00000000210d0000)]
  0x000000001ad45000 JavaThread "Cache worker for cache directory md-rule (C:\Users\Ainhoa\.gradle\caches\5.4.1\md-rule)" [_thread_blocked, id=21284, stack(0x0000000020ed0000,0x0000000020fd0000)]
  0x000000001ad4b000 JavaThread "Cache worker for cache directory md-supplier (C:\Users\Ainhoa\.gradle\caches\5.4.1\md-supplier)" [_thread_blocked, id=20752, stack(0x0000000020dd0000,0x0000000020ed0000)]
  0x000000001ad49800 JavaThread "Cache worker for file hash cache (D:\DiegoAndroid\TurismoAlojamenduakAndroid2\.gradle\5.4.1\fileHashes)" [_thread_blocked, id=25616, stack(0x000000001e6d0000,0x000000001e7d0000)]
  0x000000001ad49000 JavaThread "Cache worker for journal cache (C:\Users\Ainhoa\.gradle\caches\journal-1)" [_thread_blocked, id=12432, stack(0x000000001d200000,0x000000001d300000)]
  0x000000001ad46000 JavaThread "File lock request listener" [_thread_in_native, id=10620, stack(0x000000001d100000,0x000000001d200000)]
  0x000000001adda800 JavaThread "Cache worker for file hash cache (C:\Users\Ainhoa\.gradle\caches\5.4.1\fileHashes)" [_thread_blocked, id=980, stack(0x000000001d000000,0x000000001d100000)]
  0x000000001a6fa800 JavaThread "Thread-9" [_thread_blocked, id=28080, stack(0x000000001cf00000,0x000000001d000000)]
  0x000000001a6f5800 JavaThread "Stdin handler" [_thread_blocked, id=21624, stack(0x000000001ce00000,0x000000001cf00000)]
  0x000000001a70a000 JavaThread "Asynchronous log dispatcher for DefaultDaemonConnection: socket connection from /127.0.0.1:60322 to /127.0.0.1:60323" [_thread_blocked, id=28560, stack(0x000000001cd00000,0x000000001ce00000)]
  0x000000001a700000 JavaThread "Daemon worker" [_thread_in_native, id=21748, stack(0x000000001cc00000,0x000000001cd00000)]
  0x000000001a6ec000 JavaThread "Cancel handler" [_thread_blocked, id=2328, stack(0x000000001cb00000,0x000000001cc00000)]
  0x000000001a5ca800 JavaThread "Handler for socket connection from /127.0.0.1:60322 to /127.0.0.1:60323" [_thread_in_native, id=26892, stack(0x000000001c800000,0x000000001c900000)]
  0x000000001a5c8000 JavaThread "Daemon" [_thread_blocked, id=17120, stack(0x000000001c700000,0x000000001c800000)]
  0x000000001a817000 JavaThread "Daemon periodic checks" [_thread_blocked, id=8104, stack(0x000000001c600000,0x000000001c700000)]
  0x000000001a809800 JavaThread "Incoming local TCP Connector on port 60322" [_thread_in_native, id=12140, stack(0x000000001c390000,0x000000001c490000)]
  0x000000001ab81000 JavaThread "Daemon health stats" [_thread_blocked, id=18308, stack(0x000000001bd50000,0x000000001be50000)]
  0x0000000018718000 JavaThread "Service Thread" daemon [_thread_blocked, id=2776, stack(0x00000000193b0000,0x00000000194b0000)]
  0x00000000186d3000 JavaThread "C1 CompilerThread3" daemon [_thread_blocked, id=21704, stack(0x00000000192b0000,0x00000000193b0000)]
=>0x000000001689d000 JavaThread "C2 CompilerThread2" daemon [_thread_in_native, id=15384, stack(0x00000000191b0000,0x00000000192b0000)]
  0x00000000186c1800 JavaThread "C2 CompilerThread1" daemon [_thread_in_native, id=26428, stack(0x00000000190b0000,0x00000000191b0000)]
  0x00000000186bd800 JavaThread "C2 CompilerThread0" daemon [_thread_in_native, id=14136, stack(0x0000000018fb0000,0x00000000190b0000)]
  0x00000000186ba800 JavaThread "Attach Listener" daemon [_thread_blocked, id=14820, stack(0x0000000018eb0000,0x0000000018fb0000)]
  0x00000000186b9000 JavaThread "Signal Dispatcher" daemon [_thread_blocked, id=4848, stack(0x0000000018db0000,0x0000000018eb0000)]
  0x00000000186b1000 JavaThread "Finalizer" daemon [_thread_blocked, id=10572, stack(0x0000000018b90000,0x0000000018c90000)]
  0x000000001688c800 JavaThread "Reference Handler" daemon [_thread_blocked, id=12772, stack(0x0000000018a90000,0x0000000018b90000)]
  0x000000000283e000 JavaThread "main" [_thread_blocked, id=20156, stack(0x00000000028d0000,0x00000000029d0000)]

Other Threads:
  0x0000000016886000 VMThread [stack: 0x0000000018590000,0x0000000018690000] [id=22800]
  0x000000001871a000 WatcherThread [stack: 0x00000000194b0000,0x00000000195b0000] [id=21204]

VM state:not at safepoint (normal execution)

VM Mutex/Monitor currently owned by a thread: None

heap address: 0x00000000a0000000, size: 1536 MB, Compressed Oops mode: 32-bit
Narrow klass base: 0x0000000000000000, Narrow klass shift: 3
Compressed class space size: 1073741824 Address: 0x0000000100000000

Heap:
 PSYoungGen      total 106496K, used 46525K [0x00000000e0000000, 0x00000000e9980000, 0x0000000100000000)
  eden space 94208K, 36% used [0x00000000e0000000,0x00000000e2174050,0x00000000e5c00000)
  from space 12288K, 99% used [0x00000000e5c00000,0x00000000e67fb638,0x00000000e6800000)
  to   space 14336K, 0% used [0x00000000e8b80000,0x00000000e8b80000,0x00000000e9980000)
 ParOldGen       total 114688K, used 18587K [0x00000000a0000000, 0x00000000a7000000, 0x00000000e0000000)
  object space 114688K, 16% used [0x00000000a0000000,0x00000000a1226ce0,0x00000000a7000000)
 Metaspace       used 47107K, capacity 48238K, committed 48600K, reserved 1091584K
  class space    used 6357K, capacity 6626K, committed 6656K, reserved 1048576K

Card table byte_map: [0x0000000011e90000,0x00000000121a0000] byte_map_base: 0x0000000011990000

Marking Bits: (ParMarkBitMap*) 0x0000000074a89f30
 Begin Bits: [0x0000000012ba0000, 0x00000000143a0000)
 End Bits:   [0x00000000143a0000, 0x0000000015ba0000)

Polling page: 0x0000000000ee0000

CodeCache: size=245760Kb used=12398Kb max_used=12404Kb free=233361Kb
 bounds [0x0000000002ad0000, 0x0000000003700000, 0x0000000011ad0000]
 total_blobs=4438 nmethods=3677 adapters=674
 compilation: enabled

Compilation events (10 events):
Event: 6.836 Thread 0x00000000186bd800 nmethod 4068 0x00000000036f73d0 code [0x00000000036f7500, 0x00000000036f7578]
Event: 6.837 Thread 0x00000000186d3000 4069       3       kotlin.jvm.internal.Intrinsics::areEqual (22 bytes)
Event: 6.837 Thread 0x00000000186d3000 nmethod 4069 0x00000000036f6ed0 code [0x00000000036f7040, 0x00000000036f72e8]
Event: 6.841 Thread 0x00000000186d3000 4070       3       java.util.LinkedList::addFirst (6 bytes)
Event: 6.841 Thread 0x00000000186bd800 4072       4       groovy.lang.MetaClassImpl::addMetaMethodToIndex (65 bytes)
Event: 6.841 Thread 0x00000000186d3000 nmethod 4070 0x00000000036f6b50 code [0x00000000036f6cc0, 0x00000000036f6e48]
Event: 6.841 Thread 0x00000000186d3000 4071       3       java.util.LinkedList::linkFirst (59 bytes)
Event: 6.841 Thread 0x00000000186d3000 nmethod 4071 0x00000000036f6550 code [0x00000000036f66c0, 0x00000000036f6a10]
Event: 6.841 Thread 0x00000000186d3000 4074       3       java.util.LinkedList$ListItr::hasPrevious (13 bytes)
Event: 6.841 Thread 0x00000000186d3000 nmethod 4074 0x00000000036f61d0 code [0x00000000036f6320, 0x00000000036f64d0]

GC Heap History (10 events):
Event: 4.112 GC heap before
{Heap before GC invocations=5 (full 1):
 PSYoungGen      total 76288K, used 65536K [0x00000000e0000000, 0x00000000e5500000, 0x0000000100000000)
  eden space 65536K, 100% used [0x00000000e0000000,0x00000000e4000000,0x00000000e4000000)
  from space 10752K, 0% used [0x00000000e4000000,0x00000000e4000000,0x00000000e4a80000)
  to   space 10752K, 0% used [0x00000000e4a80000,0x00000000e4a80000,0x00000000e5500000)
 ParOldGen       total 114688K, used 10926K [0x00000000a0000000, 0x00000000a7000000, 0x00000000e0000000)
  object space 114688K, 9% used [0x00000000a0000000,0x00000000a0aaba50,0x00000000a7000000)
 Metaspace       used 28557K, capacity 28988K, committed 29440K, reserved 1075200K
  class space    used 3855K, capacity 4015K, committed 4096K, reserved 1048576K
Event: 4.119 GC heap after
Heap after GC invocations=5 (full 1):
 PSYoungGen      total 76288K, used 7673K [0x00000000e0000000, 0x00000000e7080000, 0x0000000100000000)
  eden space 65536K, 0% used [0x00000000e0000000,0x00000000e0000000,0x00000000e4000000)
  from space 10752K, 71% used [0x00000000e4a80000,0x00000000e51fe508,0x00000000e5500000)
  to   space 10752K, 0% used [0x00000000e4000000,0x00000000e4000000,0x00000000e4a80000)
 ParOldGen       total 114688K, used 10934K [0x00000000a0000000, 0x00000000a7000000, 0x00000000e0000000)
  object space 114688K, 9% used [0x00000000a0000000,0x00000000a0aada50,0x00000000a7000000)
 Metaspace       used 28557K, capacity 28988K, committed 29440K, reserved 1075200K
  class space    used 3855K, capacity 4015K, committed 4096K, reserved 1048576K
}
Event: 4.709 GC heap before
{Heap before GC invocations=6 (full 1):
 PSYoungGen      total 76288K, used 73209K [0x00000000e0000000, 0x00000000e7080000, 0x0000000100000000)
  eden space 65536K, 100% used [0x00000000e0000000,0x00000000e4000000,0x00000000e4000000)
  from space 10752K, 71% used [0x00000000e4a80000,0x00000000e51fe508,0x00000000e5500000)
  to   space 10752K, 0% used [0x00000000e4000000,0x00000000e4000000,0x00000000e4a80000)
 ParOldGen       total 114688K, used 10934K [0x00000000a0000000, 0x00000000a7000000, 0x00000000e0000000)
  object space 114688K, 9% used [0x00000000a0000000,0x00000000a0aada50,0x00000000a7000000)
 Metaspace       used 31887K, capacity 32436K, committed 32768K, reserved 1077248K
  class space    used 4394K, capacity 4567K, committed 4608K, reserved 1048576K
Event: 4.715 GC heap after
Heap after GC invocations=6 (full 1):
 PSYoungGen      total 76288K, used 8622K [0x00000000e0000000, 0x00000000e7400000, 0x0000000100000000)
  eden space 65536K, 0% used [0x00000000e0000000,0x00000000e0000000,0x00000000e4000000)
  from space 10752K, 80% used [0x00000000e4000000,0x00000000e486b9b0,0x00000000e4a80000)
  to   space 12288K, 0% used [0x00000000e6800000,0x00000000e6800000,0x00000000e7400000)
 ParOldGen       total 114688K, used 10942K [0x00000000a0000000, 0x00000000a7000000, 0x00000000e0000000)
  object space 114688K, 9% used [0x00000000a0000000,0x00000000a0aafa50,0x00000000a7000000)
 Metaspace       used 31887K, capacity 32436K, committed 32768K, reserved 1077248K
  class space    used 4394K, capacity 4567K, committed 4608K, reserved 1048576K
}
Event: 5.330 GC heap before
{Heap before GC invocations=7 (full 1):
 PSYoungGen      total 76288K, used 59429K [0x00000000e0000000, 0x00000000e7400000, 0x0000000100000000)
  eden space 65536K, 77% used [0x00000000e0000000,0x00000000e319da90,0x00000000e4000000)
  from space 10752K, 80% used [0x00000000e4000000,0x00000000e486b9b0,0x00000000e4a80000)
  to   space 12288K, 0% used [0x00000000e6800000,0x00000000e6800000,0x00000000e7400000)
 ParOldGen       total 114688K, used 10942K [0x00000000a0000000, 0x00000000a7000000, 0x00000000e0000000)
  object space 114688K, 9% used [0x00000000a0000000,0x00000000a0aafa50,0x00000000a7000000)
 Metaspace       used 34564K, capacity 35198K, committed 35416K, reserved 1079296K
  class space    used 4752K, capacity 4940K, committed 4992K, reserved 1048576K
Event: 5.345 GC heap after
Heap after GC invocations=7 (full 1):
 PSYoungGen      total 106496K, used 10014K [0x00000000e0000000, 0x00000000e7880000, 0x0000000100000000)
  eden space 94208K, 0% used [0x00000000e0000000,0x00000000e0000000,0x00000000e5c00000)
  from space 12288K, 81% used [0x00000000e6800000,0x00000000e71c7910,0x00000000e7400000)
  to   space 12288K, 0% used [0x00000000e5c00000,0x00000000e5c00000,0x00000000e6800000)
 ParOldGen       total 114688K, used 10950K [0x00000000a0000000, 0x00000000a7000000, 0x00000000e0000000)
  object space 114688K, 9% used [0x00000000a0000000,0x00000000a0ab1a50,0x00000000a7000000)
 Metaspace       used 34564K, capacity 35198K, committed 35416K, reserved 1079296K
  class space    used 4752K, capacity 4940K, committed 4992K, reserved 1048576K
}
Event: 5.345 GC heap before
{Heap before GC invocations=8 (full 2):
 PSYoungGen      total 106496K, used 10014K [0x00000000e0000000, 0x00000000e7880000, 0x0000000100000000)
  eden space 94208K, 0% used [0x00000000e0000000,0x00000000e0000000,0x00000000e5c00000)
  from space 12288K, 81% used [0x00000000e6800000,0x00000000e71c7910,0x00000000e7400000)
  to   space 12288K, 0% used [0x00000000e5c00000,0x00000000e5c00000,0x00000000e6800000)
 ParOldGen       total 114688K, used 10950K [0x00000000a0000000, 0x00000000a7000000, 0x00000000e0000000)
  object space 114688K, 9% used [0x00000000a0000000,0x00000000a0ab1a50,0x00000000a7000000)
 Metaspace       used 34564K, capacity 35198K, committed 35416K, reserved 1079296K
  class space    used 4752K, capacity 4940K, committed 4992K, reserved 1048576K
Event: 5.411 GC heap after
Heap after GC invocations=8 (full 2):
 PSYoungGen      total 106496K, used 0K [0x00000000e0000000, 0x00000000e7880000, 0x0000000100000000)
  eden space 94208K, 0% used [0x00000000e0000000,0x00000000e0000000,0x00000000e5c00000)
  from space 12288K, 0% used [0x00000000e6800000,0x00000000e6800000,0x00000000e7400000)
  to   space 12288K, 0% used [0x00000000e5c00000,0x00000000e5c00000,0x00000000e6800000)
 ParOldGen       total 114688K, used 17182K [0x00000000a0000000, 0x00000000a7000000, 0x00000000e0000000)
  object space 114688K, 14% used [0x00000000a0000000,0x00000000a10c7b50,0x00000000a7000000)
 Metaspace       used 34559K, capacity 35180K, committed 35416K, reserved 1079296K
  class space    used 4750K, capacity 4937K, committed 4992K, reserved 1048576K
}
Event: 6.493 GC heap before
{Heap before GC invocations=9 (full 2):
 PSYoungGen      total 106496K, used 94208K [0x00000000e0000000, 0x00000000e7880000, 0x0000000100000000)
  eden space 94208K, 100% used [0x00000000e0000000,0x00000000e5c00000,0x00000000e5c00000)
  from space 12288K, 0% used [0x00000000e6800000,0x00000000e6800000,0x00000000e7400000)
  to   space 12288K, 0% used [0x00000000e5c00000,0x00000000e5c00000,0x00000000e6800000)
 ParOldGen       total 114688K, used 17182K [0x00000000a0000000, 0x00000000a7000000, 0x00000000e0000000)
  object space 114688K, 14% used [0x00000000a0000000,0x00000000a10c7b50,0x00000000a7000000)
 Metaspace       used 44572K, capacity 45424K, committed 45912K, reserved 1089536K
  class space    used 6008K, capacity 6218K, committed 6272K, reserved 1048576K
Event: 6.506 GC heap after
Heap after GC invocations=9 (full 2):
 PSYoungGen      total 106496K, used 12269K [0x00000000e0000000, 0x00000000e9980000, 0x0000000100000000)
  eden space 94208K, 0% used [0x00000000e0000000,0x00000000e0000000,0x00000000e5c00000)
  from space 12288K, 99% used [0x00000000e5c00000,0x00000000e67fb638,0x00000000e6800000)
  to   space 14336K, 0% used [0x00000000e8b80000,0x00000000e8b80000,0x00000000e9980000)
 ParOldGen       total 114688K, used 18587K [0x00000000a0000000, 0x00000000a7000000, 0x00000000e0000000)
  object space 114688K, 16% used [0x00000000a0000000,0x00000000a1226ce0,0x00000000a7000000)
 Metaspace       used 44572K, capacity 45424K, committed 45912K, reserved 1089536K
  class space    used 6008K, capacity 6218K, committed 6272K, reserved 1048576K
}

Deoptimization events (10 events):
Event: 6.102 Thread 0x000000001a700000 Uncommon trap: reason=unstable_if action=reinterpret pc=0x00000000034cbef0 method=java.security.CodeSource.<init>(Ljava/net/URL;[Ljava/security/CodeSigner;)V @ 25
Event: 6.104 Thread 0x000000001a700000 Uncommon trap: reason=unstable_if action=reinterpret pc=0x0000000002ffd12c method=java.security.CodeSource.getCertificates()[Ljava/security/cert/Certificate; @ 22
Event: 6.104 Thread 0x000000001a700000 Uncommon trap: reason=unstable_if action=reinterpret pc=0x00000000033570c8 method=java.util.jar.JarFile.maybeInstantiateVerifier()V @ 4
Event: 6.104 Thread 0x000000001a700000 Uncommon trap: reason=unstable_if action=reinterpret pc=0x0000000003433528 method=java.util.jar.JarFile.maybeInstantiateVerifier()V @ 4
Event: 6.104 Thread 0x000000001a700000 Uncommon trap: reason=unstable_if action=reinterpret pc=0x0000000002f94ff0 method=java.util.jar.JarFile.maybeInstantiateVerifier()V @ 4
Event: 6.104 Thread 0x000000001a700000 Uncommon trap: reason=unstable_if action=reinterpret pc=0x0000000003546f90 method=java.security.CodeSource.matchCerts(Ljava/security/CodeSource;Z)Z @ 11
Event: 6.126 Thread 0x000000001a700000 Uncommon trap: reason=unstable_if action=reinterpret pc=0x000000000352d700 method=java.util.LinkedHashMap.get(Ljava/lang/Object;)Ljava/lang/Object; @ 20
Event: 6.178 Thread 0x000000001a700000 Uncommon trap: reason=unstable_if action=reinterpret pc=0x0000000003301f68 method=org.objectweb.asm.ByteVector.putUTF8(Ljava/lang/String;)Lorg/objectweb/asm/ByteVector; @ 93
Event: 6.556 Thread 0x000000001a700000 Uncommon trap: reason=unstable_if action=reinterpret pc=0x000000000336dea0 method=org.gradle.internal.reflect.PropertyAccessorType.of(Ljava/lang/reflect/Method;)Lorg/gradle/internal/reflect/PropertyAccessorType; @ 56
Event: 6.744 Thread 0x000000001a700000 Uncommon trap: reason=unstable_if action=reinterpret pc=0x0000000002fed2a4 method=org.gradle.internal.instantiation.AbstractClassGenerator$InjectionAnnotationValidator.validateMethod(Ljava/lang/reflect/Method;Lorg/gradle/internal/reflect/PropertyAccessorT

Classes redefined (0 events):
No events

Internal exceptions (10 events):
Event: 6.675 Thread 0x000000001a700000 Exception <a 'java/lang/ClassNotFoundException': org/gradle/api/internal/file/CompositeFileCollectionBeanInfo> (0x00000000e156df10) thrown at [D:\src\AOSP-openjdk-cygwin\jdk8u\hotspot\src\share\vm\classfile\systemDictionary.cpp, line 210]
Event: 6.676 Thread 0x000000001a700000 Exception <a 'java/lang/ClassNotFoundException': org/gradle/api/internal/file/AbstractFileCollectionBeanInfo> (0x00000000e15a5958) thrown at [D:\src\AOSP-openjdk-cygwin\jdk8u\hotspot\src\share\vm\classfile\systemDictionary.cpp, line 210]
Event: 6.677 Thread 0x000000001a700000 Exception <a 'java/lang/ClassNotFoundException': org/gradle/api/internal/file/AbstractFileCollectionCustomizer> (0x00000000e15ddf28) thrown at [D:\src\AOSP-openjdk-cygwin\jdk8u\hotspot\src\share\vm\classfile\systemDictionary.cpp, line 210]
Event: 6.679 Thread 0x000000001a700000 Exception <a 'java/lang/ClassNotFoundException': org/gradle/api/internal/file/CompositeFileCollectionCustomizer> (0x00000000e1624688) thrown at [D:\src\AOSP-openjdk-cygwin\jdk8u\hotspot\src\share\vm\classfile\systemDictionary.cpp, line 210]
Event: 6.681 Thread 0x000000001a700000 Exception <a 'java/lang/ClassNotFoundException': org/gradle/api/internal/file/CompositeFileTreeCustomizer> (0x00000000e166acd8) thrown at [D:\src\AOSP-openjdk-cygwin\jdk8u\hotspot\src\share\vm\classfile\systemDictionary.cpp, line 210]
Event: 6.682 Thread 0x000000001a700000 Exception <a 'java/lang/ClassNotFoundException': org/gradle/api/internal/file/collections/DefaultConfigurableFileTreeCustomizer> (0x00000000e16b8970) thrown at [D:\src\AOSP-openjdk-cygwin\jdk8u\hotspot\src\share\vm\classfile\systemDictionary.cpp, line 210
Event: 6.842 Thread 0x000000001a700000 Exception <a 'java/lang/ClassNotFoundException': org/gradle/api/plugins/internal/DefaultBasePluginConventionBeanInfo> (0x00000000e1f9f148) thrown at [D:\src\AOSP-openjdk-cygwin\jdk8u\hotspot\src\share\vm\classfile\systemDictionary.cpp, line 210]
Event: 6.842 Thread 0x000000001a700000 Exception <a 'java/lang/ClassNotFoundException': org/gradle/api/plugins/BasePluginConventionBeanInfo> (0x00000000e1fc4da8) thrown at [D:\src\AOSP-openjdk-cygwin\jdk8u\hotspot\src\share\vm\classfile\systemDictionary.cpp, line 210]
Event: 6.842 Thread 0x000000001a700000 Exception <a 'java/lang/ClassNotFoundException': org/gradle/api/plugins/BasePluginConventionCustomizer> (0x00000000e1feb3d0) thrown at [D:\src\AOSP-openjdk-cygwin\jdk8u\hotspot\src\share\vm\classfile\systemDictionary.cpp, line 210]
Event: 6.843 Thread 0x000000001a700000 Exception <a 'java/lang/ClassNotFoundException': org/gradle/api/plugins/internal/DefaultBasePluginConventionCustomizer> (0x00000000e202ad38) thrown at [D:\src\AOSP-openjdk-cygwin\jdk8u\hotspot\src\share\vm\classfile\systemDictionary.cpp, line 210]

Events (10 events):
Event: 6.842 loading class org/gradle/api/plugins/BasePluginConventionCustomizer
Event: 6.842 loading class org/gradle/api/plugins/BasePluginConventionCustomizer done
Event: 6.842 loading class org/gradle/api/plugins/BasePluginConventionCustomizer
Event: 6.842 loading class org/gradle/api/plugins/BasePluginConventionCustomizer done
Event: 6.843 loading class org/gradle/api/plugins/internal/DefaultBasePluginConventionCustomizer
Event: 6.843 loading class org/gradle/api/plugins/internal/DefaultBasePluginConventionCustomizer done
Event: 6.843 loading class org/gradle/api/plugins/internal/DefaultBasePluginConventionCustomizer
Event: 6.843 loading class org/gradle/api/plugins/internal/DefaultBasePluginConventionCustomizer done
Event: 6.843 loading class org/gradle/api/plugins/internal/DefaultBasePluginConventionCustomizer
Event: 6.843 loading class org/gradle/api/plugins/internal/DefaultBasePluginConventionCustomizer done


Dynamic libraries:
0x00007ff7134d0000 - 0x00007ff713501000 	C:\Program Files\Android\Android Studio\jre\bin\java.exe
0x00007ffb7ae60000 - 0x00007ffb7b050000 	C:\WINDOWS\SYSTEM32\ntdll.dll
0x00007ffb79480000 - 0x00007ffb79532000 	C:\WINDOWS\System32\KERNEL32.DLL
0x00007ffb78a10000 - 0x00007ffb78cb3000 	C:\WINDOWS\System32\KERNELBASE.dll
0x00007ffb7ad70000 - 0x00007ffb7ae13000 	C:\WINDOWS\System32\ADVAPI32.dll
0x00007ffb79830000 - 0x00007ffb798ce000 	C:\WINDOWS\System32\msvcrt.dll
0x00007ffb78f20000 - 0x00007ffb78fb7000 	C:\WINDOWS\System32\sechost.dll
0x00007ffb79e60000 - 0x00007ffb79f80000 	C:\WINDOWS\System32\RPCRT4.dll
0x00007ffb7a240000 - 0x00007ffb7a3d4000 	C:\WINDOWS\System32\USER32.dll
0x00007ffb78d10000 - 0x00007ffb78d31000 	C:\WINDOWS\System32\win32u.dll
0x00007ffb79f80000 - 0x00007ffb79fa6000 	C:\WINDOWS\System32\GDI32.dll
0x00007ffb78d70000 - 0x00007ffb78f04000 	C:\WINDOWS\System32\gdi32full.dll
0x00007ffb78970000 - 0x00007ffb78a0e000 	C:\WINDOWS\System32\msvcp_win.dll
0x00007ffb787f0000 - 0x00007ffb788ea000 	C:\WINDOWS\System32\ucrtbase.dll
0x00007ffb69460000 - 0x00007ffb696e5000 	C:\WINDOWS\WinSxS\amd64_microsoft.windows.common-controls_6595b64144ccf1df_6.0.18362.535_none_e6c3b34713100821\COMCTL32.dll
0x00007ffb79120000 - 0x00007ffb79456000 	C:\WINDOWS\System32\combase.dll
0x00007ffb788f0000 - 0x00007ffb78970000 	C:\WINDOWS\System32\bcryptPrimitives.dll
0x00007ffb7ac60000 - 0x00007ffb7ac8e000 	C:\WINDOWS\System32\IMM32.DLL
0x0000000074d90000 - 0x0000000074e62000 	C:\Program Files\Android\Android Studio\jre\jre\bin\msvcr100.dll
0x00000000742c0000 - 0x0000000074b06000 	C:\Program Files\Android\Android Studio\jre\jre\bin\server\jvm.dll
0x00007ffb78f10000 - 0x00007ffb78f18000 	C:\WINDOWS\System32\PSAPI.DLL
0x00007ffb6d550000 - 0x00007ffb6d559000 	C:\WINDOWS\SYSTEM32\WSOCK32.dll
0x00007ffb6ede0000 - 0x00007ffb6edea000 	C:\WINDOWS\SYSTEM32\VERSION.dll
0x00007ffb6e1a0000 - 0x00007ffb6e1c4000 	C:\WINDOWS\SYSTEM32\WINMM.dll
0x00007ffb79fc0000 - 0x00007ffb7a02f000 	C:\WINDOWS\System32\WS2_32.dll
0x00007ffb6df60000 - 0x00007ffb6df8d000 	C:\WINDOWS\SYSTEM32\winmmbase.dll
0x00007ffb78cc0000 - 0x00007ffb78d0a000 	C:\WINDOWS\System32\cfgmgr32.dll
0x00007ffb6e390000 - 0x00007ffb6e39f000 	C:\Program Files\Android\Android Studio\jre\jre\bin\verify.dll
0x00007ffb6e110000 - 0x00007ffb6e139000 	C:\Program Files\Android\Android Studio\jre\jre\bin\java.dll
0x00007ffb6e170000 - 0x00007ffb6e186000 	C:\Program Files\Android\Android Studio\jre\jre\bin\zip.dll
0x00007ffb7a510000 - 0x00007ffb7abf5000 	C:\WINDOWS\System32\SHELL32.dll
0x00007ffb79940000 - 0x00007ffb799e9000 	C:\WINDOWS\System32\shcore.dll
0x00007ffb78070000 - 0x00007ffb787ef000 	C:\WINDOWS\System32\windows.storage.dll
0x00007ffb77dd0000 - 0x00007ffb77def000 	C:\WINDOWS\System32\profapi.dll
0x00007ffb77d60000 - 0x00007ffb77daa000 	C:\WINDOWS\System32\powrprof.dll
0x00007ffb77d30000 - 0x00007ffb77d40000 	C:\WINDOWS\System32\UMPDC.dll
0x00007ffb7a030000 - 0x00007ffb7a082000 	C:\WINDOWS\System32\shlwapi.dll
0x00007ffb77db0000 - 0x00007ffb77dc1000 	C:\WINDOWS\System32\kernel.appcore.dll
0x00007ffb77ea0000 - 0x00007ffb77eb7000 	C:\WINDOWS\System32\cryptsp.dll
0x00007ffb6df90000 - 0x00007ffb6dfaa000 	C:\Program Files\Android\Android Studio\jre\jre\bin\net.dll
0x00007ffb775a0000 - 0x00007ffb77607000 	C:\WINDOWS\system32\mswsock.dll
0x00007ffb6d1a0000 - 0x00007ffb6d1b1000 	C:\Program Files\Android\Android Studio\jre\jre\bin\nio.dll
0x00007ffb6acf0000 - 0x00007ffb6ad16000 	C:\Users\Ainhoa\.gradle\native\29\windows-amd64\native-platform.dll
0x00007ffb6e210000 - 0x00007ffb6e21d000 	C:\Program Files\Android\Android Studio\jre\jre\bin\management.dll
0x00007ffb77110000 - 0x00007ffb77143000 	C:\WINDOWS\system32\rsaenh.dll
0x00007ffb78d40000 - 0x00007ffb78d66000 	C:\WINDOWS\System32\bcrypt.dll
0x00007ffb77c20000 - 0x00007ffb77c45000 	C:\WINDOWS\SYSTEM32\USERENV.dll
0x00007ffb77770000 - 0x00007ffb7777c000 	C:\WINDOWS\SYSTEM32\CRYPTBASE.dll
0x00007ffb772b0000 - 0x00007ffb772ea000 	C:\WINDOWS\SYSTEM32\IPHLPAPI.DLL
0x00007ffb79fb0000 - 0x00007ffb79fb8000 	C:\WINDOWS\System32\NSI.dll
0x00007ffb70650000 - 0x00007ffb70666000 	C:\WINDOWS\SYSTEM32\dhcpcsvc6.DLL
0x00007ffb708f0000 - 0x00007ffb7090c000 	C:\WINDOWS\SYSTEM32\dhcpcsvc.DLL
0x00007ffb772f0000 - 0x00007ffb773ba000 	C:\WINDOWS\SYSTEM32\DNSAPI.dll

VM Arguments:
jvm_args: -Xmx1536m -Dfile.encoding=windows-1252 -Duser.country=ES -Duser.language=es -Duser.variant 
java_command: org.gradle.launcher.daemon.bootstrap.GradleDaemon 5.4.1
java_class_path (initial): C:\Users\Ainhoa\.gradle\wrapper\dists\gradle-5.4.1-all\3221gyojl5jsh0helicew7rwx\gradle-5.4.1\lib\gradle-launcher-5.4.1.jar
Launcher Type: SUN_STANDARD

Environment Variables:
PATH=C:\Program Files (x86)\Common Files\Oracle\Java\javapath;C:\Program Files (x86)\Intel\iCLS Client\;C:\Program Files\Intel\iCLS Client\;C:\Windows\system32;C:\Windows;C:\Windows\System32\Wbem;C:\Windows\System32\WindowsPowerShell\v1.0\;C:\Program Files (x86)\Windows Live\Shared;C:\Program Files\Intel\Intel(R) Management Engine Components\DAL;C:\Program Files\Intel\Intel(R) Management Engine Components\IPT;C:\Program Files (x86)\Intel\Intel(R) Management Engine Components\DAL;C:\Program Files (x86)\Intel\Intel(R) Management Engine Components\IPT;C:\Program Files (x86)\NVIDIA Corporation\PhysX\Common;C:\WINDOWS\system32;C:\WINDOWS;C:\WINDOWS\System32\Wbem;C:\WINDOWS\System32\WindowsPowerShell\v1.0\;C:\Program Files (x86)\Skype\Phone\;D:\Nueva Carpeta\QTSystem\;C:\WINDOWS\System32\OpenSSH\;C:\Users\Ainhoa\AppData\Local\Microsoft\WindowsApps;C:\Users\Ainhoa\AppData\Local\GitHubDesktop\bin
USERNAME=Ainhoa
OS=Windows_NT
PROCESSOR_IDENTIFIER=Intel64 Family 6 Model 60 Stepping 3, GenuineIntel



---------------  S Y S T E M  ---------------

OS: Windows 10.0 , 64 bit Build 18362 (10.0.18362.329)

CPU:total 8 (initial active 8) (4 cores per cpu, 2 threads per core) family 6 model 60 stepping 3, cmov, cx8, fxsr, mmx, sse, sse2, sse3, ssse3, sse4.1, sse4.2, popcnt, avx, avx2, aes, clmul, erms, lzcnt, ht, tsc, tscinvbit, bmi1, bmi2

Memory: 4k page, physical 16693076k(5962680k free), swap 47156040k(5120k free)

vm_info: OpenJDK 64-Bit Server VM (25.202-b03) for windows-amd64 JRE (1.8.0_202-release-1483-b03), built by "builder" with MS VC++ 10.0 (VS2010)

time: Fri Dec 27 14:55:47 2019
timezone: Hora estándar romance
elapsed time: 6 seconds (0d 0h 0m 6s)

